06 Nov 2023 14:57:19,095 TestNG-tests-3 - Couldn't find template in cache for "index.ftl"("en", UTF-8, parsed); will try to load it.
06 Nov 2023 14:57:19,098 TestNG-tests-3 - TemplateLoader.findTemplateSource("index_en.ftl"): Not found
06 Nov 2023 14:57:19,104 TestNG-tests-3 - TemplateLoader.findTemplateSource("index.ftl"): Found
06 Nov 2023 14:57:19,104 TestNG-tests-3 - Loading template for "index.ftl"("en", UTF-8, parsed) from "jar:file:/C:/Users/kumar/.m2/repository/com/aventstack/extentreports/3.1.5/extentreports-3.1.5.jar!/com/aventstack/extentreports/view/html-report/index.ftl"
06 Nov 2023 14:57:20,310 TestNG-tests-3 - Couldn't find template in cache for "head.ftl"("en", UTF-8, parsed); will try to load it.
06 Nov 2023 14:57:20,312 TestNG-tests-3 - TemplateLoader.findTemplateSource("head_en.ftl"): Not found
06 Nov 2023 14:57:20,313 TestNG-tests-3 - TemplateLoader.findTemplateSource("head.ftl"): Found
06 Nov 2023 14:57:20,314 TestNG-tests-3 - Loading template for "head.ftl"("en", UTF-8, parsed) from "jar:file:/C:/Users/kumar/.m2/repository/com/aventstack/extentreports/3.1.5/extentreports-3.1.5.jar!/com/aventstack/extentreports/view/html-report/head.ftl"
06 Nov 2023 14:57:20,321 TestNG-tests-3 - Couldn't find template in cache for "nav.ftl"("en", UTF-8, parsed); will try to load it.
06 Nov 2023 14:57:20,322 TestNG-tests-3 - TemplateLoader.findTemplateSource("nav_en.ftl"): Not found
06 Nov 2023 14:57:20,342 TestNG-tests-3 - TemplateLoader.findTemplateSource("nav.ftl"): Found
06 Nov 2023 14:57:20,343 TestNG-tests-3 - Loading template for "nav.ftl"("en", UTF-8, parsed) from "jar:file:/C:/Users/kumar/.m2/repository/com/aventstack/extentreports/3.1.5/extentreports-3.1.5.jar!/com/aventstack/extentreports/view/html-report/nav.ftl"
06 Nov 2023 14:57:20,373 TestNG-tests-3 - Couldn't find template in cache for "test-view/test-view.ftl"("en", UTF-8, parsed); will try to load it.
06 Nov 2023 14:57:20,374 TestNG-tests-3 - TemplateLoader.findTemplateSource("test-view/test-view_en.ftl"): Not found
06 Nov 2023 14:57:20,376 TestNG-tests-3 - TemplateLoader.findTemplateSource("test-view/test-view.ftl"): Found
06 Nov 2023 14:57:20,377 TestNG-tests-3 - Loading template for "test-view/test-view.ftl"("en", UTF-8, parsed) from "jar:file:/C:/Users/kumar/.m2/repository/com/aventstack/extentreports/3.1.5/extentreports-3.1.5.jar!/com/aventstack/extentreports/view/html-report/test-view/test-view.ftl"
06 Nov 2023 14:57:20,417 TestNG-tests-3 - Couldn't find template in cache for "test-view/test-view-charts.ftl"("en", UTF-8, parsed); will try to load it.
06 Nov 2023 14:57:20,418 TestNG-tests-3 - TemplateLoader.findTemplateSource("test-view/test-view-charts_en.ftl"): Not found
06 Nov 2023 14:57:20,421 TestNG-tests-3 - TemplateLoader.findTemplateSource("test-view/test-view-charts.ftl"): Found
06 Nov 2023 14:57:20,421 TestNG-tests-3 - Loading template for "test-view/test-view-charts.ftl"("en", UTF-8, parsed) from "jar:file:/C:/Users/kumar/.m2/repository/com/aventstack/extentreports/3.1.5/extentreports-3.1.5.jar!/com/aventstack/extentreports/view/html-report/test-view/test-view-charts.ftl"
06 Nov 2023 14:57:20,460 TestNG-tests-3 - Couldn't find template in cache for "test-view/standard.ftl"("en", UTF-8, parsed); will try to load it.
06 Nov 2023 14:57:20,462 TestNG-tests-3 - TemplateLoader.findTemplateSource("test-view/standard_en.ftl"): Not found
06 Nov 2023 14:57:20,463 TestNG-tests-3 - TemplateLoader.findTemplateSource("test-view/standard.ftl"): Found
06 Nov 2023 14:57:20,464 TestNG-tests-3 - Loading template for "test-view/standard.ftl"("en", UTF-8, parsed) from "jar:file:/C:/Users/kumar/.m2/repository/com/aventstack/extentreports/3.1.5/extentreports-3.1.5.jar!/com/aventstack/extentreports/view/html-report/test-view/standard.ftl"
06 Nov 2023 14:57:20,501 TestNG-tests-3 - "test-view/standard.ftl"("en", UTF-8, parsed) cached copy not yet stale; using cached.
06 Nov 2023 14:57:20,502 TestNG-tests-3 - "test-view/standard.ftl"("en", UTF-8, parsed) cached copy not yet stale; using cached.
06 Nov 2023 14:57:20,503 TestNG-tests-3 - Couldn't find template in cache for "category-view/category-view.ftl"("en", UTF-8, parsed); will try to load it.
06 Nov 2023 14:57:20,505 TestNG-tests-3 - TemplateLoader.findTemplateSource("category-view/category-view_en.ftl"): Not found
06 Nov 2023 14:57:20,506 TestNG-tests-3 - TemplateLoader.findTemplateSource("category-view/category-view.ftl"): Found
06 Nov 2023 14:57:20,506 TestNG-tests-3 - Loading template for "category-view/category-view.ftl"("en", UTF-8, parsed) from "jar:file:/C:/Users/kumar/.m2/repository/com/aventstack/extentreports/3.1.5/extentreports-3.1.5.jar!/com/aventstack/extentreports/view/html-report/category-view/category-view.ftl"
06 Nov 2023 14:57:20,514 TestNG-tests-3 - Couldn't find template in cache for "author-view/author-view.ftl"("en", UTF-8, parsed); will try to load it.
06 Nov 2023 14:57:20,515 TestNG-tests-3 - TemplateLoader.findTemplateSource("author-view/author-view_en.ftl"): Not found
06 Nov 2023 14:57:20,516 TestNG-tests-3 - TemplateLoader.findTemplateSource("author-view/author-view.ftl"): Found
06 Nov 2023 14:57:20,516 TestNG-tests-3 - Loading template for "author-view/author-view.ftl"("en", UTF-8, parsed) from "jar:file:/C:/Users/kumar/.m2/repository/com/aventstack/extentreports/3.1.5/extentreports-3.1.5.jar!/com/aventstack/extentreports/view/html-report/author-view/author-view.ftl"
06 Nov 2023 14:57:20,521 TestNG-tests-3 - Couldn't find template in cache for "exception-view/exception-view.ftl"("en", UTF-8, parsed); will try to load it.
06 Nov 2023 14:57:20,522 TestNG-tests-3 - TemplateLoader.findTemplateSource("exception-view/exception-view_en.ftl"): Not found
06 Nov 2023 14:57:20,523 TestNG-tests-3 - TemplateLoader.findTemplateSource("exception-view/exception-view.ftl"): Found
06 Nov 2023 14:57:20,523 TestNG-tests-3 - Loading template for "exception-view/exception-view.ftl"("en", UTF-8, parsed) from "jar:file:/C:/Users/kumar/.m2/repository/com/aventstack/extentreports/3.1.5/extentreports-3.1.5.jar!/com/aventstack/extentreports/view/html-report/exception-view/exception-view.ftl"
06 Nov 2023 14:57:20,528 TestNG-tests-3 - Couldn't find template in cache for "dashboard-view/dashboard-view.ftl"("en", UTF-8, parsed); will try to load it.
06 Nov 2023 14:57:20,529 TestNG-tests-3 - TemplateLoader.findTemplateSource("dashboard-view/dashboard-view_en.ftl"): Not found
06 Nov 2023 14:57:20,530 TestNG-tests-3 - TemplateLoader.findTemplateSource("dashboard-view/dashboard-view.ftl"): Found
06 Nov 2023 14:57:20,530 TestNG-tests-3 - Loading template for "dashboard-view/dashboard-view.ftl"("en", UTF-8, parsed) from "jar:file:/C:/Users/kumar/.m2/repository/com/aventstack/extentreports/3.1.5/extentreports-3.1.5.jar!/com/aventstack/extentreports/view/html-report/dashboard-view/dashboard-view.ftl"
06 Nov 2023 14:57:20,539 TestNG-tests-3 - Couldn't find template in cache for "logs-view/testrunner-logs-view.ftl"("en", UTF-8, parsed); will try to load it.
06 Nov 2023 14:57:20,540 TestNG-tests-3 - TemplateLoader.findTemplateSource("logs-view/testrunner-logs-view_en.ftl"): Not found
06 Nov 2023 14:57:20,541 TestNG-tests-3 - TemplateLoader.findTemplateSource("logs-view/testrunner-logs-view.ftl"): Found
06 Nov 2023 14:57:20,541 TestNG-tests-3 - Loading template for "logs-view/testrunner-logs-view.ftl"("en", UTF-8, parsed) from "jar:file:/C:/Users/kumar/.m2/repository/com/aventstack/extentreports/3.1.5/extentreports-3.1.5.jar!/com/aventstack/extentreports/view/html-report/logs-view/testrunner-logs-view.ftl"
06 Nov 2023 14:57:20,554 TestNG-tests-2 - Couldn't find template in cache for "index.ftl"("en", UTF-8, parsed); will try to load it.
06 Nov 2023 14:57:20,555 TestNG-tests-2 - TemplateLoader.findTemplateSource("index_en.ftl"): Not found
06 Nov 2023 14:57:20,555 TestNG-tests-2 - TemplateLoader.findTemplateSource("index.ftl"): Found
06 Nov 2023 14:57:20,556 TestNG-tests-2 - Loading template for "index.ftl"("en", UTF-8, parsed) from "jar:file:/C:/Users/kumar/.m2/repository/com/aventstack/extentreports/3.1.5/extentreports-3.1.5.jar!/com/aventstack/extentreports/view/html-report/index.ftl"
06 Nov 2023 14:57:20,565 TestNG-tests-2 - Couldn't find template in cache for "head.ftl"("en", UTF-8, parsed); will try to load it.
06 Nov 2023 14:57:20,566 TestNG-tests-2 - TemplateLoader.findTemplateSource("head_en.ftl"): Not found
06 Nov 2023 14:57:20,567 TestNG-tests-2 - TemplateLoader.findTemplateSource("head.ftl"): Found
06 Nov 2023 14:57:20,567 TestNG-tests-2 - Loading template for "head.ftl"("en", UTF-8, parsed) from "jar:file:/C:/Users/kumar/.m2/repository/com/aventstack/extentreports/3.1.5/extentreports-3.1.5.jar!/com/aventstack/extentreports/view/html-report/head.ftl"
06 Nov 2023 14:57:20,572 TestNG-tests-2 - Couldn't find template in cache for "nav.ftl"("en", UTF-8, parsed); will try to load it.
06 Nov 2023 14:57:20,573 TestNG-tests-2 - TemplateLoader.findTemplateSource("nav_en.ftl"): Not found
06 Nov 2023 14:57:20,573 TestNG-tests-2 - TemplateLoader.findTemplateSource("nav.ftl"): Found
06 Nov 2023 14:57:20,573 TestNG-tests-2 - Loading template for "nav.ftl"("en", UTF-8, parsed) from "jar:file:/C:/Users/kumar/.m2/repository/com/aventstack/extentreports/3.1.5/extentreports-3.1.5.jar!/com/aventstack/extentreports/view/html-report/nav.ftl"
06 Nov 2023 14:57:20,578 TestNG-tests-2 - Couldn't find template in cache for "test-view/test-view.ftl"("en", UTF-8, parsed); will try to load it.
06 Nov 2023 14:57:20,579 TestNG-tests-2 - TemplateLoader.findTemplateSource("test-view/test-view_en.ftl"): Not found
06 Nov 2023 14:57:20,580 TestNG-tests-2 - TemplateLoader.findTemplateSource("test-view/test-view.ftl"): Found
06 Nov 2023 14:57:20,580 TestNG-tests-2 - Loading template for "test-view/test-view.ftl"("en", UTF-8, parsed) from "jar:file:/C:/Users/kumar/.m2/repository/com/aventstack/extentreports/3.1.5/extentreports-3.1.5.jar!/com/aventstack/extentreports/view/html-report/test-view/test-view.ftl"
06 Nov 2023 14:57:20,619 TestNG-tests-2 - Couldn't find template in cache for "test-view/test-view-charts.ftl"("en", UTF-8, parsed); will try to load it.
06 Nov 2023 14:57:20,619 TestNG-tests-2 - TemplateLoader.findTemplateSource("test-view/test-view-charts_en.ftl"): Not found
06 Nov 2023 14:57:20,620 TestNG-tests-2 - TemplateLoader.findTemplateSource("test-view/test-view-charts.ftl"): Found
06 Nov 2023 14:57:20,620 TestNG-tests-2 - Loading template for "test-view/test-view-charts.ftl"("en", UTF-8, parsed) from "jar:file:/C:/Users/kumar/.m2/repository/com/aventstack/extentreports/3.1.5/extentreports-3.1.5.jar!/com/aventstack/extentreports/view/html-report/test-view/test-view-charts.ftl"
06 Nov 2023 14:57:20,627 TestNG-tests-2 - Couldn't find template in cache for "test-view/standard.ftl"("en", UTF-8, parsed); will try to load it.
06 Nov 2023 14:57:20,628 TestNG-tests-2 - TemplateLoader.findTemplateSource("test-view/standard_en.ftl"): Not found
06 Nov 2023 14:57:20,629 TestNG-tests-2 - TemplateLoader.findTemplateSource("test-view/standard.ftl"): Found
06 Nov 2023 14:57:20,629 TestNG-tests-2 - Loading template for "test-view/standard.ftl"("en", UTF-8, parsed) from "jar:file:/C:/Users/kumar/.m2/repository/com/aventstack/extentreports/3.1.5/extentreports-3.1.5.jar!/com/aventstack/extentreports/view/html-report/test-view/standard.ftl"
06 Nov 2023 14:57:20,639 TestNG-tests-2 - "test-view/standard.ftl"("en", UTF-8, parsed) cached copy not yet stale; using cached.
06 Nov 2023 14:57:20,641 TestNG-tests-2 - "test-view/standard.ftl"("en", UTF-8, parsed) cached copy not yet stale; using cached.
06 Nov 2023 14:57:20,642 TestNG-tests-2 - Couldn't find template in cache for "category-view/category-view.ftl"("en", UTF-8, parsed); will try to load it.
06 Nov 2023 14:57:20,642 TestNG-tests-2 - TemplateLoader.findTemplateSource("category-view/category-view_en.ftl"): Not found
06 Nov 2023 14:57:20,643 TestNG-tests-2 - TemplateLoader.findTemplateSource("category-view/category-view.ftl"): Found
06 Nov 2023 14:57:20,643 TestNG-tests-2 - Loading template for "category-view/category-view.ftl"("en", UTF-8, parsed) from "jar:file:/C:/Users/kumar/.m2/repository/com/aventstack/extentreports/3.1.5/extentreports-3.1.5.jar!/com/aventstack/extentreports/view/html-report/category-view/category-view.ftl"
06 Nov 2023 14:57:20,654 TestNG-tests-2 - Couldn't find template in cache for "author-view/author-view.ftl"("en", UTF-8, parsed); will try to load it.
06 Nov 2023 14:57:20,656 TestNG-tests-2 - TemplateLoader.findTemplateSource("author-view/author-view_en.ftl"): Not found
06 Nov 2023 14:57:20,658 TestNG-tests-2 - TemplateLoader.findTemplateSource("author-view/author-view.ftl"): Found
06 Nov 2023 14:57:20,659 TestNG-tests-2 - Loading template for "author-view/author-view.ftl"("en", UTF-8, parsed) from "jar:file:/C:/Users/kumar/.m2/repository/com/aventstack/extentreports/3.1.5/extentreports-3.1.5.jar!/com/aventstack/extentreports/view/html-report/author-view/author-view.ftl"
06 Nov 2023 14:57:20,664 TestNG-tests-2 - Couldn't find template in cache for "exception-view/exception-view.ftl"("en", UTF-8, parsed); will try to load it.
06 Nov 2023 14:57:20,665 TestNG-tests-2 - TemplateLoader.findTemplateSource("exception-view/exception-view_en.ftl"): Not found
06 Nov 2023 14:57:20,665 TestNG-tests-2 - TemplateLoader.findTemplateSource("exception-view/exception-view.ftl"): Found
06 Nov 2023 14:57:20,666 TestNG-tests-2 - Loading template for "exception-view/exception-view.ftl"("en", UTF-8, parsed) from "jar:file:/C:/Users/kumar/.m2/repository/com/aventstack/extentreports/3.1.5/extentreports-3.1.5.jar!/com/aventstack/extentreports/view/html-report/exception-view/exception-view.ftl"
06 Nov 2023 14:57:20,670 TestNG-tests-2 - Couldn't find template in cache for "dashboard-view/dashboard-view.ftl"("en", UTF-8, parsed); will try to load it.
06 Nov 2023 14:57:20,671 TestNG-tests-2 - TemplateLoader.findTemplateSource("dashboard-view/dashboard-view_en.ftl"): Not found
06 Nov 2023 14:57:20,671 TestNG-tests-2 - TemplateLoader.findTemplateSource("dashboard-view/dashboard-view.ftl"): Found
06 Nov 2023 14:57:20,671 TestNG-tests-2 - Loading template for "dashboard-view/dashboard-view.ftl"("en", UTF-8, parsed) from "jar:file:/C:/Users/kumar/.m2/repository/com/aventstack/extentreports/3.1.5/extentreports-3.1.5.jar!/com/aventstack/extentreports/view/html-report/dashboard-view/dashboard-view.ftl"
06 Nov 2023 14:57:20,678 TestNG-tests-2 - Couldn't find template in cache for "logs-view/testrunner-logs-view.ftl"("en", UTF-8, parsed); will try to load it.
06 Nov 2023 14:57:20,680 TestNG-tests-2 - TemplateLoader.findTemplateSource("logs-view/testrunner-logs-view_en.ftl"): Not found
06 Nov 2023 14:57:20,681 TestNG-tests-2 - TemplateLoader.findTemplateSource("logs-view/testrunner-logs-view.ftl"): Found
06 Nov 2023 14:57:20,681 TestNG-tests-2 - Loading template for "logs-view/testrunner-logs-view.ftl"("en", UTF-8, parsed) from "jar:file:/C:/Users/kumar/.m2/repository/com/aventstack/extentreports/3.1.5/extentreports-3.1.5.jar!/com/aventstack/extentreports/view/html-report/logs-view/testrunner-logs-view.ftl"
06 Nov 2023 14:57:20,690 TestNG-tests-1 - Couldn't find template in cache for "index.ftl"("en", UTF-8, parsed); will try to load it.
06 Nov 2023 14:57:20,691 TestNG-tests-1 - TemplateLoader.findTemplateSource("index_en.ftl"): Not found
06 Nov 2023 14:57:20,691 TestNG-tests-1 - TemplateLoader.findTemplateSource("index.ftl"): Found
06 Nov 2023 14:57:20,691 TestNG-tests-1 - Loading template for "index.ftl"("en", UTF-8, parsed) from "jar:file:/C:/Users/kumar/.m2/repository/com/aventstack/extentreports/3.1.5/extentreports-3.1.5.jar!/com/aventstack/extentreports/view/html-report/index.ftl"
06 Nov 2023 14:57:20,700 TestNG-tests-1 - Couldn't find template in cache for "head.ftl"("en", UTF-8, parsed); will try to load it.
06 Nov 2023 14:57:20,701 TestNG-tests-1 - TemplateLoader.findTemplateSource("head_en.ftl"): Not found
06 Nov 2023 14:57:20,701 TestNG-tests-1 - TemplateLoader.findTemplateSource("head.ftl"): Found
06 Nov 2023 14:57:20,701 TestNG-tests-1 - Loading template for "head.ftl"("en", UTF-8, parsed) from "jar:file:/C:/Users/kumar/.m2/repository/com/aventstack/extentreports/3.1.5/extentreports-3.1.5.jar!/com/aventstack/extentreports/view/html-report/head.ftl"
06 Nov 2023 14:57:20,705 TestNG-tests-1 - Couldn't find template in cache for "nav.ftl"("en", UTF-8, parsed); will try to load it.
06 Nov 2023 14:57:20,706 TestNG-tests-1 - TemplateLoader.findTemplateSource("nav_en.ftl"): Not found
06 Nov 2023 14:57:20,706 TestNG-tests-1 - TemplateLoader.findTemplateSource("nav.ftl"): Found
06 Nov 2023 14:57:20,706 TestNG-tests-1 - Loading template for "nav.ftl"("en", UTF-8, parsed) from "jar:file:/C:/Users/kumar/.m2/repository/com/aventstack/extentreports/3.1.5/extentreports-3.1.5.jar!/com/aventstack/extentreports/view/html-report/nav.ftl"
06 Nov 2023 14:57:20,711 TestNG-tests-1 - Couldn't find template in cache for "test-view/test-view.ftl"("en", UTF-8, parsed); will try to load it.
06 Nov 2023 14:57:20,712 TestNG-tests-1 - TemplateLoader.findTemplateSource("test-view/test-view_en.ftl"): Not found
06 Nov 2023 14:57:20,713 TestNG-tests-1 - TemplateLoader.findTemplateSource("test-view/test-view.ftl"): Found
06 Nov 2023 14:57:20,713 TestNG-tests-1 - Loading template for "test-view/test-view.ftl"("en", UTF-8, parsed) from "jar:file:/C:/Users/kumar/.m2/repository/com/aventstack/extentreports/3.1.5/extentreports-3.1.5.jar!/com/aventstack/extentreports/view/html-report/test-view/test-view.ftl"
06 Nov 2023 14:57:20,737 TestNG-tests-1 - Couldn't find template in cache for "test-view/test-view-charts.ftl"("en", UTF-8, parsed); will try to load it.
06 Nov 2023 14:57:20,738 TestNG-tests-1 - TemplateLoader.findTemplateSource("test-view/test-view-charts_en.ftl"): Not found
06 Nov 2023 14:57:20,738 TestNG-tests-1 - TemplateLoader.findTemplateSource("test-view/test-view-charts.ftl"): Found
06 Nov 2023 14:57:20,740 TestNG-tests-1 - Loading template for "test-view/test-view-charts.ftl"("en", UTF-8, parsed) from "jar:file:/C:/Users/kumar/.m2/repository/com/aventstack/extentreports/3.1.5/extentreports-3.1.5.jar!/com/aventstack/extentreports/view/html-report/test-view/test-view-charts.ftl"
06 Nov 2023 14:57:20,759 TestNG-tests-1 - Couldn't find template in cache for "test-view/standard.ftl"("en", UTF-8, parsed); will try to load it.
06 Nov 2023 14:57:20,761 TestNG-tests-1 - TemplateLoader.findTemplateSource("test-view/standard_en.ftl"): Not found
06 Nov 2023 14:57:20,762 TestNG-tests-1 - TemplateLoader.findTemplateSource("test-view/standard.ftl"): Found
06 Nov 2023 14:57:20,763 TestNG-tests-1 - Loading template for "test-view/standard.ftl"("en", UTF-8, parsed) from "jar:file:/C:/Users/kumar/.m2/repository/com/aventstack/extentreports/3.1.5/extentreports-3.1.5.jar!/com/aventstack/extentreports/view/html-report/test-view/standard.ftl"
06 Nov 2023 14:57:20,774 TestNG-tests-1 - "test-view/standard.ftl"("en", UTF-8, parsed) cached copy not yet stale; using cached.
06 Nov 2023 14:57:20,774 TestNG-tests-1 - "test-view/standard.ftl"("en", UTF-8, parsed) cached copy not yet stale; using cached.
06 Nov 2023 14:57:20,775 TestNG-tests-1 - Couldn't find template in cache for "category-view/category-view.ftl"("en", UTF-8, parsed); will try to load it.
06 Nov 2023 14:57:20,776 TestNG-tests-1 - TemplateLoader.findTemplateSource("category-view/category-view_en.ftl"): Not found
06 Nov 2023 14:57:20,777 TestNG-tests-1 - TemplateLoader.findTemplateSource("category-view/category-view.ftl"): Found
06 Nov 2023 14:57:20,777 TestNG-tests-1 - Loading template for "category-view/category-view.ftl"("en", UTF-8, parsed) from "jar:file:/C:/Users/kumar/.m2/repository/com/aventstack/extentreports/3.1.5/extentreports-3.1.5.jar!/com/aventstack/extentreports/view/html-report/category-view/category-view.ftl"
06 Nov 2023 14:57:20,807 TestNG-tests-1 - Couldn't find template in cache for "author-view/author-view.ftl"("en", UTF-8, parsed); will try to load it.
06 Nov 2023 14:57:20,810 TestNG-tests-1 - TemplateLoader.findTemplateSource("author-view/author-view_en.ftl"): Not found
06 Nov 2023 14:57:20,811 TestNG-tests-1 - TemplateLoader.findTemplateSource("author-view/author-view.ftl"): Found
06 Nov 2023 14:57:20,813 TestNG-tests-1 - Loading template for "author-view/author-view.ftl"("en", UTF-8, parsed) from "jar:file:/C:/Users/kumar/.m2/repository/com/aventstack/extentreports/3.1.5/extentreports-3.1.5.jar!/com/aventstack/extentreports/view/html-report/author-view/author-view.ftl"
06 Nov 2023 14:57:20,825 TestNG-tests-1 - Couldn't find template in cache for "exception-view/exception-view.ftl"("en", UTF-8, parsed); will try to load it.
06 Nov 2023 14:57:20,826 TestNG-tests-1 - TemplateLoader.findTemplateSource("exception-view/exception-view_en.ftl"): Not found
06 Nov 2023 14:57:20,830 TestNG-tests-1 - TemplateLoader.findTemplateSource("exception-view/exception-view.ftl"): Found
06 Nov 2023 14:57:20,831 TestNG-tests-1 - Loading template for "exception-view/exception-view.ftl"("en", UTF-8, parsed) from "jar:file:/C:/Users/kumar/.m2/repository/com/aventstack/extentreports/3.1.5/extentreports-3.1.5.jar!/com/aventstack/extentreports/view/html-report/exception-view/exception-view.ftl"
06 Nov 2023 14:57:20,838 TestNG-tests-1 - Couldn't find template in cache for "dashboard-view/dashboard-view.ftl"("en", UTF-8, parsed); will try to load it.
06 Nov 2023 14:57:20,839 TestNG-tests-1 - TemplateLoader.findTemplateSource("dashboard-view/dashboard-view_en.ftl"): Not found
06 Nov 2023 14:57:20,841 TestNG-tests-1 - TemplateLoader.findTemplateSource("dashboard-view/dashboard-view.ftl"): Found
06 Nov 2023 14:57:20,842 TestNG-tests-1 - Loading template for "dashboard-view/dashboard-view.ftl"("en", UTF-8, parsed) from "jar:file:/C:/Users/kumar/.m2/repository/com/aventstack/extentreports/3.1.5/extentreports-3.1.5.jar!/com/aventstack/extentreports/view/html-report/dashboard-view/dashboard-view.ftl"
06 Nov 2023 14:57:20,856 TestNG-tests-1 - Couldn't find template in cache for "logs-view/testrunner-logs-view.ftl"("en", UTF-8, parsed); will try to load it.
06 Nov 2023 14:57:20,857 TestNG-tests-1 - TemplateLoader.findTemplateSource("logs-view/testrunner-logs-view_en.ftl"): Not found
06 Nov 2023 14:57:20,857 TestNG-tests-1 - TemplateLoader.findTemplateSource("logs-view/testrunner-logs-view.ftl"): Found
06 Nov 2023 14:57:20,857 TestNG-tests-1 - Loading template for "logs-view/testrunner-logs-view.ftl"("en", UTF-8, parsed) from "jar:file:/C:/Users/kumar/.m2/repository/com/aventstack/extentreports/3.1.5/extentreports-3.1.5.jar!/com/aventstack/extentreports/view/html-report/logs-view/testrunner-logs-view.ftl"
06 Nov 2023 14:58:53,895 TestNG-tests-3 - Running On Environment...>null
06 Nov 2023 14:58:53,895 TestNG-tests-2 - Running On Environment...>null
06 Nov 2023 14:58:53,895 TestNG-tests-1 - Running On Environment...>null
06 Nov 2023 14:59:57,276 TestNG-tests-1 - Couldn't find template in cache for "index.ftl"("en", UTF-8, parsed); will try to load it.
06 Nov 2023 14:59:57,281 TestNG-tests-1 - TemplateLoader.findTemplateSource("index_en.ftl"): Not found
06 Nov 2023 14:59:57,287 TestNG-tests-1 - TemplateLoader.findTemplateSource("index.ftl"): Found
06 Nov 2023 14:59:57,288 TestNG-tests-1 - Loading template for "index.ftl"("en", UTF-8, parsed) from "jar:file:/C:/Users/kumar/.m2/repository/com/aventstack/extentreports/3.1.5/extentreports-3.1.5.jar!/com/aventstack/extentreports/view/html-report/index.ftl"
06 Nov 2023 14:59:58,167 TestNG-tests-1 - Couldn't find template in cache for "head.ftl"("en", UTF-8, parsed); will try to load it.
06 Nov 2023 14:59:58,168 TestNG-tests-1 - TemplateLoader.findTemplateSource("head_en.ftl"): Not found
06 Nov 2023 14:59:58,169 TestNG-tests-1 - TemplateLoader.findTemplateSource("head.ftl"): Found
06 Nov 2023 14:59:58,169 TestNG-tests-1 - Loading template for "head.ftl"("en", UTF-8, parsed) from "jar:file:/C:/Users/kumar/.m2/repository/com/aventstack/extentreports/3.1.5/extentreports-3.1.5.jar!/com/aventstack/extentreports/view/html-report/head.ftl"
06 Nov 2023 14:59:58,181 TestNG-tests-1 - Couldn't find template in cache for "nav.ftl"("en", UTF-8, parsed); will try to load it.
06 Nov 2023 14:59:58,182 TestNG-tests-1 - TemplateLoader.findTemplateSource("nav_en.ftl"): Not found
06 Nov 2023 14:59:58,183 TestNG-tests-1 - TemplateLoader.findTemplateSource("nav.ftl"): Found
06 Nov 2023 14:59:58,184 TestNG-tests-1 - Loading template for "nav.ftl"("en", UTF-8, parsed) from "jar:file:/C:/Users/kumar/.m2/repository/com/aventstack/extentreports/3.1.5/extentreports-3.1.5.jar!/com/aventstack/extentreports/view/html-report/nav.ftl"
06 Nov 2023 14:59:58,237 TestNG-tests-1 - Couldn't find template in cache for "test-view/test-view.ftl"("en", UTF-8, parsed); will try to load it.
06 Nov 2023 14:59:58,238 TestNG-tests-1 - TemplateLoader.findTemplateSource("test-view/test-view_en.ftl"): Not found
06 Nov 2023 14:59:58,238 TestNG-tests-1 - TemplateLoader.findTemplateSource("test-view/test-view.ftl"): Found
06 Nov 2023 14:59:58,238 TestNG-tests-1 - Loading template for "test-view/test-view.ftl"("en", UTF-8, parsed) from "jar:file:/C:/Users/kumar/.m2/repository/com/aventstack/extentreports/3.1.5/extentreports-3.1.5.jar!/com/aventstack/extentreports/view/html-report/test-view/test-view.ftl"
06 Nov 2023 14:59:58,275 TestNG-tests-1 - Couldn't find template in cache for "test-view/test-view-charts.ftl"("en", UTF-8, parsed); will try to load it.
06 Nov 2023 14:59:58,276 TestNG-tests-1 - TemplateLoader.findTemplateSource("test-view/test-view-charts_en.ftl"): Not found
06 Nov 2023 14:59:58,277 TestNG-tests-1 - TemplateLoader.findTemplateSource("test-view/test-view-charts.ftl"): Found
06 Nov 2023 14:59:58,277 TestNG-tests-1 - Loading template for "test-view/test-view-charts.ftl"("en", UTF-8, parsed) from "jar:file:/C:/Users/kumar/.m2/repository/com/aventstack/extentreports/3.1.5/extentreports-3.1.5.jar!/com/aventstack/extentreports/view/html-report/test-view/test-view-charts.ftl"
06 Nov 2023 14:59:58,324 TestNG-tests-1 - Couldn't find template in cache for "test-view/standard.ftl"("en", UTF-8, parsed); will try to load it.
06 Nov 2023 14:59:58,325 TestNG-tests-1 - TemplateLoader.findTemplateSource("test-view/standard_en.ftl"): Not found
06 Nov 2023 14:59:58,326 TestNG-tests-1 - TemplateLoader.findTemplateSource("test-view/standard.ftl"): Found
06 Nov 2023 14:59:58,326 TestNG-tests-1 - Loading template for "test-view/standard.ftl"("en", UTF-8, parsed) from "jar:file:/C:/Users/kumar/.m2/repository/com/aventstack/extentreports/3.1.5/extentreports-3.1.5.jar!/com/aventstack/extentreports/view/html-report/test-view/standard.ftl"
06 Nov 2023 14:59:58,385 TestNG-tests-1 - "test-view/standard.ftl"("en", UTF-8, parsed) cached copy not yet stale; using cached.
06 Nov 2023 14:59:58,388 TestNG-tests-1 - "test-view/standard.ftl"("en", UTF-8, parsed) cached copy not yet stale; using cached.
06 Nov 2023 14:59:58,393 TestNG-tests-1 - "test-view/standard.ftl"("en", UTF-8, parsed) cached copy not yet stale; using cached.
06 Nov 2023 14:59:58,395 TestNG-tests-1 - "test-view/standard.ftl"("en", UTF-8, parsed) cached copy not yet stale; using cached.
06 Nov 2023 14:59:58,398 TestNG-tests-1 - "test-view/standard.ftl"("en", UTF-8, parsed) cached copy not yet stale; using cached.
06 Nov 2023 14:59:58,401 TestNG-tests-1 - "test-view/standard.ftl"("en", UTF-8, parsed) cached copy not yet stale; using cached.
06 Nov 2023 14:59:58,404 TestNG-tests-1 - "test-view/standard.ftl"("en", UTF-8, parsed) cached copy not yet stale; using cached.
06 Nov 2023 14:59:58,406 TestNG-tests-1 - "test-view/standard.ftl"("en", UTF-8, parsed) cached copy not yet stale; using cached.
06 Nov 2023 14:59:58,407 TestNG-tests-1 - Couldn't find template in cache for "category-view/category-view.ftl"("en", UTF-8, parsed); will try to load it.
06 Nov 2023 14:59:58,408 TestNG-tests-1 - TemplateLoader.findTemplateSource("category-view/category-view_en.ftl"): Not found
06 Nov 2023 14:59:58,409 TestNG-tests-1 - TemplateLoader.findTemplateSource("category-view/category-view.ftl"): Found
06 Nov 2023 14:59:58,410 TestNG-tests-1 - Loading template for "category-view/category-view.ftl"("en", UTF-8, parsed) from "jar:file:/C:/Users/kumar/.m2/repository/com/aventstack/extentreports/3.1.5/extentreports-3.1.5.jar!/com/aventstack/extentreports/view/html-report/category-view/category-view.ftl"
06 Nov 2023 14:59:58,420 TestNG-tests-1 - Couldn't find template in cache for "author-view/author-view.ftl"("en", UTF-8, parsed); will try to load it.
06 Nov 2023 14:59:58,421 TestNG-tests-1 - TemplateLoader.findTemplateSource("author-view/author-view_en.ftl"): Not found
06 Nov 2023 14:59:58,421 TestNG-tests-1 - TemplateLoader.findTemplateSource("author-view/author-view.ftl"): Found
06 Nov 2023 14:59:58,422 TestNG-tests-1 - Loading template for "author-view/author-view.ftl"("en", UTF-8, parsed) from "jar:file:/C:/Users/kumar/.m2/repository/com/aventstack/extentreports/3.1.5/extentreports-3.1.5.jar!/com/aventstack/extentreports/view/html-report/author-view/author-view.ftl"
06 Nov 2023 14:59:58,427 TestNG-tests-1 - Couldn't find template in cache for "exception-view/exception-view.ftl"("en", UTF-8, parsed); will try to load it.
06 Nov 2023 14:59:58,428 TestNG-tests-1 - TemplateLoader.findTemplateSource("exception-view/exception-view_en.ftl"): Not found
06 Nov 2023 14:59:58,429 TestNG-tests-1 - TemplateLoader.findTemplateSource("exception-view/exception-view.ftl"): Found
06 Nov 2023 14:59:58,429 TestNG-tests-1 - Loading template for "exception-view/exception-view.ftl"("en", UTF-8, parsed) from "jar:file:/C:/Users/kumar/.m2/repository/com/aventstack/extentreports/3.1.5/extentreports-3.1.5.jar!/com/aventstack/extentreports/view/html-report/exception-view/exception-view.ftl"
06 Nov 2023 14:59:58,453 TestNG-tests-1 - Couldn't find template in cache for "dashboard-view/dashboard-view.ftl"("en", UTF-8, parsed); will try to load it.
06 Nov 2023 14:59:58,454 TestNG-tests-1 - TemplateLoader.findTemplateSource("dashboard-view/dashboard-view_en.ftl"): Not found
06 Nov 2023 14:59:58,459 TestNG-tests-1 - TemplateLoader.findTemplateSource("dashboard-view/dashboard-view.ftl"): Found
06 Nov 2023 14:59:58,459 TestNG-tests-1 - Loading template for "dashboard-view/dashboard-view.ftl"("en", UTF-8, parsed) from "jar:file:/C:/Users/kumar/.m2/repository/com/aventstack/extentreports/3.1.5/extentreports-3.1.5.jar!/com/aventstack/extentreports/view/html-report/dashboard-view/dashboard-view.ftl"
06 Nov 2023 14:59:58,477 TestNG-tests-1 - Couldn't find template in cache for "logs-view/testrunner-logs-view.ftl"("en", UTF-8, parsed); will try to load it.
06 Nov 2023 14:59:58,480 TestNG-tests-1 - TemplateLoader.findTemplateSource("logs-view/testrunner-logs-view_en.ftl"): Not found
06 Nov 2023 14:59:58,481 TestNG-tests-1 - TemplateLoader.findTemplateSource("logs-view/testrunner-logs-view.ftl"): Found
06 Nov 2023 14:59:58,481 TestNG-tests-1 - Loading template for "logs-view/testrunner-logs-view.ftl"("en", UTF-8, parsed) from "jar:file:/C:/Users/kumar/.m2/repository/com/aventstack/extentreports/3.1.5/extentreports-3.1.5.jar!/com/aventstack/extentreports/view/html-report/logs-view/testrunner-logs-view.ftl"
06 Nov 2023 15:00:28,018 TestNG-tests-2 - Couldn't find template in cache for "index.ftl"("en", UTF-8, parsed); will try to load it.
06 Nov 2023 15:00:28,019 TestNG-tests-2 - TemplateLoader.findTemplateSource("index_en.ftl"): Not found
06 Nov 2023 15:00:28,019 TestNG-tests-2 - TemplateLoader.findTemplateSource("index.ftl"): Found
06 Nov 2023 15:00:28,020 TestNG-tests-2 - Loading template for "index.ftl"("en", UTF-8, parsed) from "jar:file:/C:/Users/kumar/.m2/repository/com/aventstack/extentreports/3.1.5/extentreports-3.1.5.jar!/com/aventstack/extentreports/view/html-report/index.ftl"
06 Nov 2023 15:00:28,034 TestNG-tests-2 - Couldn't find template in cache for "head.ftl"("en", UTF-8, parsed); will try to load it.
06 Nov 2023 15:00:28,035 TestNG-tests-2 - TemplateLoader.findTemplateSource("head_en.ftl"): Not found
06 Nov 2023 15:00:28,036 TestNG-tests-2 - TemplateLoader.findTemplateSource("head.ftl"): Found
06 Nov 2023 15:00:28,036 TestNG-tests-2 - Loading template for "head.ftl"("en", UTF-8, parsed) from "jar:file:/C:/Users/kumar/.m2/repository/com/aventstack/extentreports/3.1.5/extentreports-3.1.5.jar!/com/aventstack/extentreports/view/html-report/head.ftl"
06 Nov 2023 15:00:28,040 TestNG-tests-2 - Couldn't find template in cache for "nav.ftl"("en", UTF-8, parsed); will try to load it.
06 Nov 2023 15:00:28,041 TestNG-tests-2 - TemplateLoader.findTemplateSource("nav_en.ftl"): Not found
06 Nov 2023 15:00:28,041 TestNG-tests-2 - TemplateLoader.findTemplateSource("nav.ftl"): Found
06 Nov 2023 15:00:28,042 TestNG-tests-2 - Loading template for "nav.ftl"("en", UTF-8, parsed) from "jar:file:/C:/Users/kumar/.m2/repository/com/aventstack/extentreports/3.1.5/extentreports-3.1.5.jar!/com/aventstack/extentreports/view/html-report/nav.ftl"
06 Nov 2023 15:00:28,046 TestNG-tests-2 - Couldn't find template in cache for "test-view/test-view.ftl"("en", UTF-8, parsed); will try to load it.
06 Nov 2023 15:00:28,047 TestNG-tests-2 - TemplateLoader.findTemplateSource("test-view/test-view_en.ftl"): Not found
06 Nov 2023 15:00:28,048 TestNG-tests-2 - TemplateLoader.findTemplateSource("test-view/test-view.ftl"): Found
06 Nov 2023 15:00:28,048 TestNG-tests-2 - Loading template for "test-view/test-view.ftl"("en", UTF-8, parsed) from "jar:file:/C:/Users/kumar/.m2/repository/com/aventstack/extentreports/3.1.5/extentreports-3.1.5.jar!/com/aventstack/extentreports/view/html-report/test-view/test-view.ftl"
06 Nov 2023 15:00:28,066 TestNG-tests-2 - Couldn't find template in cache for "test-view/test-view-charts.ftl"("en", UTF-8, parsed); will try to load it.
06 Nov 2023 15:00:28,067 TestNG-tests-2 - TemplateLoader.findTemplateSource("test-view/test-view-charts_en.ftl"): Not found
06 Nov 2023 15:00:28,068 TestNG-tests-2 - TemplateLoader.findTemplateSource("test-view/test-view-charts.ftl"): Found
06 Nov 2023 15:00:28,069 TestNG-tests-2 - Loading template for "test-view/test-view-charts.ftl"("en", UTF-8, parsed) from "jar:file:/C:/Users/kumar/.m2/repository/com/aventstack/extentreports/3.1.5/extentreports-3.1.5.jar!/com/aventstack/extentreports/view/html-report/test-view/test-view-charts.ftl"
06 Nov 2023 15:00:28,079 TestNG-tests-2 - Couldn't find template in cache for "test-view/standard.ftl"("en", UTF-8, parsed); will try to load it.
06 Nov 2023 15:00:28,087 TestNG-tests-2 - TemplateLoader.findTemplateSource("test-view/standard_en.ftl"): Not found
06 Nov 2023 15:00:28,087 TestNG-tests-2 - TemplateLoader.findTemplateSource("test-view/standard.ftl"): Found
06 Nov 2023 15:00:28,088 TestNG-tests-2 - Loading template for "test-view/standard.ftl"("en", UTF-8, parsed) from "jar:file:/C:/Users/kumar/.m2/repository/com/aventstack/extentreports/3.1.5/extentreports-3.1.5.jar!/com/aventstack/extentreports/view/html-report/test-view/standard.ftl"
06 Nov 2023 15:00:28,100 TestNG-tests-2 - "test-view/standard.ftl"("en", UTF-8, parsed) cached copy not yet stale; using cached.
06 Nov 2023 15:00:28,103 TestNG-tests-2 - "test-view/standard.ftl"("en", UTF-8, parsed) cached copy not yet stale; using cached.
06 Nov 2023 15:00:28,128 TestNG-tests-2 - "test-view/standard.ftl"("en", UTF-8, parsed) cached copy not yet stale; using cached.
06 Nov 2023 15:00:28,129 TestNG-tests-2 - "test-view/standard.ftl"("en", UTF-8, parsed) cached copy not yet stale; using cached.
06 Nov 2023 15:00:28,130 TestNG-tests-2 - "test-view/standard.ftl"("en", UTF-8, parsed) cached copy not yet stale; using cached.
06 Nov 2023 15:00:28,133 TestNG-tests-2 - "test-view/standard.ftl"("en", UTF-8, parsed) cached copy not yet stale; using cached.
06 Nov 2023 15:00:28,134 TestNG-tests-2 - "test-view/standard.ftl"("en", UTF-8, parsed) cached copy not yet stale; using cached.
06 Nov 2023 15:00:28,135 TestNG-tests-2 - "test-view/standard.ftl"("en", UTF-8, parsed) cached copy not yet stale; using cached.
06 Nov 2023 15:00:28,137 TestNG-tests-2 - "test-view/standard.ftl"("en", UTF-8, parsed) cached copy not yet stale; using cached.
06 Nov 2023 15:00:28,139 TestNG-tests-2 - "test-view/standard.ftl"("en", UTF-8, parsed) cached copy not yet stale; using cached.
06 Nov 2023 15:00:28,140 TestNG-tests-2 - "test-view/standard.ftl"("en", UTF-8, parsed) cached copy not yet stale; using cached.
06 Nov 2023 15:00:28,142 TestNG-tests-2 - "test-view/standard.ftl"("en", UTF-8, parsed) cached copy not yet stale; using cached.
06 Nov 2023 15:00:28,147 TestNG-tests-2 - "test-view/standard.ftl"("en", UTF-8, parsed) cached copy not yet stale; using cached.
06 Nov 2023 15:00:28,148 TestNG-tests-2 - "test-view/standard.ftl"("en", UTF-8, parsed) cached copy not yet stale; using cached.
06 Nov 2023 15:00:28,150 TestNG-tests-2 - "test-view/standard.ftl"("en", UTF-8, parsed) cached copy not yet stale; using cached.
06 Nov 2023 15:00:28,155 TestNG-tests-2 - Couldn't find template in cache for "category-view/category-view.ftl"("en", UTF-8, parsed); will try to load it.
06 Nov 2023 15:00:28,156 TestNG-tests-2 - TemplateLoader.findTemplateSource("category-view/category-view_en.ftl"): Not found
06 Nov 2023 15:00:28,156 TestNG-tests-2 - TemplateLoader.findTemplateSource("category-view/category-view.ftl"): Found
06 Nov 2023 15:00:28,156 TestNG-tests-2 - Loading template for "category-view/category-view.ftl"("en", UTF-8, parsed) from "jar:file:/C:/Users/kumar/.m2/repository/com/aventstack/extentreports/3.1.5/extentreports-3.1.5.jar!/com/aventstack/extentreports/view/html-report/category-view/category-view.ftl"
06 Nov 2023 15:00:28,203 TestNG-tests-2 - Couldn't find template in cache for "author-view/author-view.ftl"("en", UTF-8, parsed); will try to load it.
06 Nov 2023 15:00:28,204 TestNG-tests-2 - TemplateLoader.findTemplateSource("author-view/author-view_en.ftl"): Not found
06 Nov 2023 15:00:28,204 TestNG-tests-2 - TemplateLoader.findTemplateSource("author-view/author-view.ftl"): Found
06 Nov 2023 15:00:28,205 TestNG-tests-2 - Loading template for "author-view/author-view.ftl"("en", UTF-8, parsed) from "jar:file:/C:/Users/kumar/.m2/repository/com/aventstack/extentreports/3.1.5/extentreports-3.1.5.jar!/com/aventstack/extentreports/view/html-report/author-view/author-view.ftl"
06 Nov 2023 15:00:28,212 TestNG-tests-2 - Couldn't find template in cache for "exception-view/exception-view.ftl"("en", UTF-8, parsed); will try to load it.
06 Nov 2023 15:00:28,213 TestNG-tests-2 - TemplateLoader.findTemplateSource("exception-view/exception-view_en.ftl"): Not found
06 Nov 2023 15:00:28,214 TestNG-tests-2 - TemplateLoader.findTemplateSource("exception-view/exception-view.ftl"): Found
06 Nov 2023 15:00:28,217 TestNG-tests-2 - Loading template for "exception-view/exception-view.ftl"("en", UTF-8, parsed) from "jar:file:/C:/Users/kumar/.m2/repository/com/aventstack/extentreports/3.1.5/extentreports-3.1.5.jar!/com/aventstack/extentreports/view/html-report/exception-view/exception-view.ftl"
06 Nov 2023 15:00:28,228 TestNG-tests-2 - Couldn't find template in cache for "dashboard-view/dashboard-view.ftl"("en", UTF-8, parsed); will try to load it.
06 Nov 2023 15:00:28,229 TestNG-tests-2 - TemplateLoader.findTemplateSource("dashboard-view/dashboard-view_en.ftl"): Not found
06 Nov 2023 15:00:28,229 TestNG-tests-2 - TemplateLoader.findTemplateSource("dashboard-view/dashboard-view.ftl"): Found
06 Nov 2023 15:00:28,229 TestNG-tests-2 - Loading template for "dashboard-view/dashboard-view.ftl"("en", UTF-8, parsed) from "jar:file:/C:/Users/kumar/.m2/repository/com/aventstack/extentreports/3.1.5/extentreports-3.1.5.jar!/com/aventstack/extentreports/view/html-report/dashboard-view/dashboard-view.ftl"
06 Nov 2023 15:00:28,237 TestNG-tests-2 - Couldn't find template in cache for "logs-view/testrunner-logs-view.ftl"("en", UTF-8, parsed); will try to load it.
06 Nov 2023 15:00:28,238 TestNG-tests-2 - TemplateLoader.findTemplateSource("logs-view/testrunner-logs-view_en.ftl"): Not found
06 Nov 2023 15:00:28,239 TestNG-tests-2 - TemplateLoader.findTemplateSource("logs-view/testrunner-logs-view.ftl"): Found
06 Nov 2023 15:00:28,239 TestNG-tests-2 - Loading template for "logs-view/testrunner-logs-view.ftl"("en", UTF-8, parsed) from "jar:file:/C:/Users/kumar/.m2/repository/com/aventstack/extentreports/3.1.5/extentreports-3.1.5.jar!/com/aventstack/extentreports/view/html-report/logs-view/testrunner-logs-view.ftl"
06 Nov 2023 15:00:35,495 TestNG-tests-3 - some exception is coming while creating the screenshot
06 Nov 2023 15:00:36,880 TestNG-tests-3 - Couldn't find template in cache for "index.ftl"("en", UTF-8, parsed); will try to load it.
06 Nov 2023 15:00:36,881 TestNG-tests-3 - TemplateLoader.findTemplateSource("index_en.ftl"): Not found
06 Nov 2023 15:00:36,883 TestNG-tests-3 - TemplateLoader.findTemplateSource("index.ftl"): Found
06 Nov 2023 15:00:36,884 TestNG-tests-3 - Loading template for "index.ftl"("en", UTF-8, parsed) from "jar:file:/C:/Users/kumar/.m2/repository/com/aventstack/extentreports/3.1.5/extentreports-3.1.5.jar!/com/aventstack/extentreports/view/html-report/index.ftl"
06 Nov 2023 15:00:36,896 TestNG-tests-3 - Couldn't find template in cache for "head.ftl"("en", UTF-8, parsed); will try to load it.
06 Nov 2023 15:00:36,897 TestNG-tests-3 - TemplateLoader.findTemplateSource("head_en.ftl"): Not found
06 Nov 2023 15:00:36,898 TestNG-tests-3 - TemplateLoader.findTemplateSource("head.ftl"): Found
06 Nov 2023 15:00:36,898 TestNG-tests-3 - Loading template for "head.ftl"("en", UTF-8, parsed) from "jar:file:/C:/Users/kumar/.m2/repository/com/aventstack/extentreports/3.1.5/extentreports-3.1.5.jar!/com/aventstack/extentreports/view/html-report/head.ftl"
06 Nov 2023 15:00:36,902 TestNG-tests-3 - Couldn't find template in cache for "nav.ftl"("en", UTF-8, parsed); will try to load it.
06 Nov 2023 15:00:36,903 TestNG-tests-3 - TemplateLoader.findTemplateSource("nav_en.ftl"): Not found
06 Nov 2023 15:00:36,903 TestNG-tests-3 - TemplateLoader.findTemplateSource("nav.ftl"): Found
06 Nov 2023 15:00:36,904 TestNG-tests-3 - Loading template for "nav.ftl"("en", UTF-8, parsed) from "jar:file:/C:/Users/kumar/.m2/repository/com/aventstack/extentreports/3.1.5/extentreports-3.1.5.jar!/com/aventstack/extentreports/view/html-report/nav.ftl"
06 Nov 2023 15:00:36,909 TestNG-tests-3 - Couldn't find template in cache for "test-view/test-view.ftl"("en", UTF-8, parsed); will try to load it.
06 Nov 2023 15:00:36,910 TestNG-tests-3 - TemplateLoader.findTemplateSource("test-view/test-view_en.ftl"): Not found
06 Nov 2023 15:00:36,910 TestNG-tests-3 - TemplateLoader.findTemplateSource("test-view/test-view.ftl"): Found
06 Nov 2023 15:00:36,910 TestNG-tests-3 - Loading template for "test-view/test-view.ftl"("en", UTF-8, parsed) from "jar:file:/C:/Users/kumar/.m2/repository/com/aventstack/extentreports/3.1.5/extentreports-3.1.5.jar!/com/aventstack/extentreports/view/html-report/test-view/test-view.ftl"
06 Nov 2023 15:00:36,928 TestNG-tests-3 - Couldn't find template in cache for "test-view/test-view-charts.ftl"("en", UTF-8, parsed); will try to load it.
06 Nov 2023 15:00:36,929 TestNG-tests-3 - TemplateLoader.findTemplateSource("test-view/test-view-charts_en.ftl"): Not found
06 Nov 2023 15:00:36,929 TestNG-tests-3 - TemplateLoader.findTemplateSource("test-view/test-view-charts.ftl"): Found
06 Nov 2023 15:00:36,929 TestNG-tests-3 - Loading template for "test-view/test-view-charts.ftl"("en", UTF-8, parsed) from "jar:file:/C:/Users/kumar/.m2/repository/com/aventstack/extentreports/3.1.5/extentreports-3.1.5.jar!/com/aventstack/extentreports/view/html-report/test-view/test-view-charts.ftl"
06 Nov 2023 15:00:36,937 TestNG-tests-3 - Couldn't find template in cache for "test-view/standard.ftl"("en", UTF-8, parsed); will try to load it.
06 Nov 2023 15:00:36,938 TestNG-tests-3 - TemplateLoader.findTemplateSource("test-view/standard_en.ftl"): Not found
06 Nov 2023 15:00:36,939 TestNG-tests-3 - TemplateLoader.findTemplateSource("test-view/standard.ftl"): Found
06 Nov 2023 15:00:36,939 TestNG-tests-3 - Loading template for "test-view/standard.ftl"("en", UTF-8, parsed) from "jar:file:/C:/Users/kumar/.m2/repository/com/aventstack/extentreports/3.1.5/extentreports-3.1.5.jar!/com/aventstack/extentreports/view/html-report/test-view/standard.ftl"
06 Nov 2023 15:00:36,953 TestNG-tests-3 - "test-view/standard.ftl"("en", UTF-8, parsed) cached copy not yet stale; using cached.
06 Nov 2023 15:00:36,954 TestNG-tests-3 - "test-view/standard.ftl"("en", UTF-8, parsed) cached copy not yet stale; using cached.
06 Nov 2023 15:00:36,955 TestNG-tests-3 - "test-view/standard.ftl"("en", UTF-8, parsed) cached copy not yet stale; using cached.
06 Nov 2023 15:00:36,957 TestNG-tests-3 - "test-view/standard.ftl"("en", UTF-8, parsed) cached copy not yet stale; using cached.
06 Nov 2023 15:00:36,959 TestNG-tests-3 - "test-view/standard.ftl"("en", UTF-8, parsed) cached copy not yet stale; using cached.
06 Nov 2023 15:00:36,960 TestNG-tests-3 - "test-view/standard.ftl"("en", UTF-8, parsed) cached copy not yet stale; using cached.
06 Nov 2023 15:00:36,961 TestNG-tests-3 - "test-view/standard.ftl"("en", UTF-8, parsed) cached copy not yet stale; using cached.
06 Nov 2023 15:00:36,964 TestNG-tests-3 - "test-view/standard.ftl"("en", UTF-8, parsed) cached copy not yet stale; using cached.
06 Nov 2023 15:00:36,965 TestNG-tests-3 - "test-view/standard.ftl"("en", UTF-8, parsed) cached copy not yet stale; using cached.
06 Nov 2023 15:00:36,966 TestNG-tests-3 - "test-view/standard.ftl"("en", UTF-8, parsed) cached copy not yet stale; using cached.
06 Nov 2023 15:00:36,967 TestNG-tests-3 - "test-view/standard.ftl"("en", UTF-8, parsed) cached copy not yet stale; using cached.
06 Nov 2023 15:00:36,968 TestNG-tests-3 - "test-view/standard.ftl"("en", UTF-8, parsed) cached copy not yet stale; using cached.
06 Nov 2023 15:00:36,969 TestNG-tests-3 - "test-view/standard.ftl"("en", UTF-8, parsed) cached copy not yet stale; using cached.
06 Nov 2023 15:00:36,973 TestNG-tests-3 - "test-view/standard.ftl"("en", UTF-8, parsed) cached copy not yet stale; using cached.
06 Nov 2023 15:00:36,974 TestNG-tests-3 - "test-view/standard.ftl"("en", UTF-8, parsed) cached copy not yet stale; using cached.
06 Nov 2023 15:00:36,975 TestNG-tests-3 - "test-view/standard.ftl"("en", UTF-8, parsed) cached copy not yet stale; using cached.
06 Nov 2023 15:00:36,976 TestNG-tests-3 - "test-view/standard.ftl"("en", UTF-8, parsed) cached copy not yet stale; using cached.
06 Nov 2023 15:00:36,977 TestNG-tests-3 - Couldn't find template in cache for "category-view/category-view.ftl"("en", UTF-8, parsed); will try to load it.
06 Nov 2023 15:00:36,978 TestNG-tests-3 - TemplateLoader.findTemplateSource("category-view/category-view_en.ftl"): Not found
06 Nov 2023 15:00:36,978 TestNG-tests-3 - TemplateLoader.findTemplateSource("category-view/category-view.ftl"): Found
06 Nov 2023 15:00:36,978 TestNG-tests-3 - Loading template for "category-view/category-view.ftl"("en", UTF-8, parsed) from "jar:file:/C:/Users/kumar/.m2/repository/com/aventstack/extentreports/3.1.5/extentreports-3.1.5.jar!/com/aventstack/extentreports/view/html-report/category-view/category-view.ftl"
06 Nov 2023 15:00:36,998 TestNG-tests-3 - Couldn't find template in cache for "author-view/author-view.ftl"("en", UTF-8, parsed); will try to load it.
06 Nov 2023 15:00:37,000 TestNG-tests-3 - TemplateLoader.findTemplateSource("author-view/author-view_en.ftl"): Not found
06 Nov 2023 15:00:37,000 TestNG-tests-3 - TemplateLoader.findTemplateSource("author-view/author-view.ftl"): Found
06 Nov 2023 15:00:37,000 TestNG-tests-3 - Loading template for "author-view/author-view.ftl"("en", UTF-8, parsed) from "jar:file:/C:/Users/kumar/.m2/repository/com/aventstack/extentreports/3.1.5/extentreports-3.1.5.jar!/com/aventstack/extentreports/view/html-report/author-view/author-view.ftl"
06 Nov 2023 15:00:37,006 TestNG-tests-3 - Couldn't find template in cache for "exception-view/exception-view.ftl"("en", UTF-8, parsed); will try to load it.
06 Nov 2023 15:00:37,007 TestNG-tests-3 - TemplateLoader.findTemplateSource("exception-view/exception-view_en.ftl"): Not found
06 Nov 2023 15:00:37,007 TestNG-tests-3 - TemplateLoader.findTemplateSource("exception-view/exception-view.ftl"): Found
06 Nov 2023 15:00:37,007 TestNG-tests-3 - Loading template for "exception-view/exception-view.ftl"("en", UTF-8, parsed) from "jar:file:/C:/Users/kumar/.m2/repository/com/aventstack/extentreports/3.1.5/extentreports-3.1.5.jar!/com/aventstack/extentreports/view/html-report/exception-view/exception-view.ftl"
06 Nov 2023 15:00:37,030 TestNG-tests-3 - Couldn't find template in cache for "dashboard-view/dashboard-view.ftl"("en", UTF-8, parsed); will try to load it.
06 Nov 2023 15:00:37,031 TestNG-tests-3 - TemplateLoader.findTemplateSource("dashboard-view/dashboard-view_en.ftl"): Not found
06 Nov 2023 15:00:37,031 TestNG-tests-3 - TemplateLoader.findTemplateSource("dashboard-view/dashboard-view.ftl"): Found
06 Nov 2023 15:00:37,031 TestNG-tests-3 - Loading template for "dashboard-view/dashboard-view.ftl"("en", UTF-8, parsed) from "jar:file:/C:/Users/kumar/.m2/repository/com/aventstack/extentreports/3.1.5/extentreports-3.1.5.jar!/com/aventstack/extentreports/view/html-report/dashboard-view/dashboard-view.ftl"
06 Nov 2023 15:00:37,038 TestNG-tests-3 - Couldn't find template in cache for "logs-view/testrunner-logs-view.ftl"("en", UTF-8, parsed); will try to load it.
06 Nov 2023 15:00:37,039 TestNG-tests-3 - TemplateLoader.findTemplateSource("logs-view/testrunner-logs-view_en.ftl"): Not found
06 Nov 2023 15:00:37,040 TestNG-tests-3 - TemplateLoader.findTemplateSource("logs-view/testrunner-logs-view.ftl"): Found
06 Nov 2023 15:00:37,040 TestNG-tests-3 - Loading template for "logs-view/testrunner-logs-view.ftl"("en", UTF-8, parsed) from "jar:file:/C:/Users/kumar/.m2/repository/com/aventstack/extentreports/3.1.5/extentreports-3.1.5.jar!/com/aventstack/extentreports/view/html-report/logs-view/testrunner-logs-view.ftl"
06 Nov 2023 15:21:15,767 TestNG-tests-2 - Running On Environment...>null
06 Nov 2023 15:21:15,769 TestNG-tests-3 - Running On Environment...>null
06 Nov 2023 15:21:15,837 TestNG-tests-1 - Running On Environment...>null
06 Nov 2023 16:31:11,135 TestNG-tests-2 - Running On Environment...>null
06 Nov 2023 16:31:11,135 TestNG-tests-3 - Running On Environment...>null
06 Nov 2023 16:31:11,135 TestNG-tests-1 - Running On Environment...>null
06 Nov 2023 16:31:45,680 TestNG-tests-1 - Couldn't find template in cache for "index.ftl"("en", UTF-8, parsed); will try to load it.
06 Nov 2023 16:31:45,682 TestNG-tests-1 - TemplateLoader.findTemplateSource("index_en.ftl"): Not found
06 Nov 2023 16:31:45,682 TestNG-tests-1 - TemplateLoader.findTemplateSource("index.ftl"): Found
06 Nov 2023 16:31:45,682 TestNG-tests-1 - Loading template for "index.ftl"("en", UTF-8, parsed) from "jar:file:/C:/Users/kumar/.m2/repository/com/aventstack/extentreports/3.1.5/extentreports-3.1.5.jar!/com/aventstack/extentreports/view/html-report/index.ftl"
06 Nov 2023 16:31:46,191 TestNG-tests-1 - Couldn't find template in cache for "head.ftl"("en", UTF-8, parsed); will try to load it.
06 Nov 2023 16:31:46,192 TestNG-tests-1 - TemplateLoader.findTemplateSource("head_en.ftl"): Not found
06 Nov 2023 16:31:46,192 TestNG-tests-1 - TemplateLoader.findTemplateSource("head.ftl"): Found
06 Nov 2023 16:31:46,193 TestNG-tests-1 - Loading template for "head.ftl"("en", UTF-8, parsed) from "jar:file:/C:/Users/kumar/.m2/repository/com/aventstack/extentreports/3.1.5/extentreports-3.1.5.jar!/com/aventstack/extentreports/view/html-report/head.ftl"
06 Nov 2023 16:31:46,197 TestNG-tests-1 - Couldn't find template in cache for "nav.ftl"("en", UTF-8, parsed); will try to load it.
06 Nov 2023 16:31:46,201 TestNG-tests-1 - TemplateLoader.findTemplateSource("nav_en.ftl"): Not found
06 Nov 2023 16:31:46,202 TestNG-tests-1 - TemplateLoader.findTemplateSource("nav.ftl"): Found
06 Nov 2023 16:31:46,202 TestNG-tests-1 - Loading template for "nav.ftl"("en", UTF-8, parsed) from "jar:file:/C:/Users/kumar/.m2/repository/com/aventstack/extentreports/3.1.5/extentreports-3.1.5.jar!/com/aventstack/extentreports/view/html-report/nav.ftl"
06 Nov 2023 16:31:46,220 TestNG-tests-1 - Couldn't find template in cache for "test-view/test-view.ftl"("en", UTF-8, parsed); will try to load it.
06 Nov 2023 16:31:46,221 TestNG-tests-1 - TemplateLoader.findTemplateSource("test-view/test-view_en.ftl"): Not found
06 Nov 2023 16:31:46,221 TestNG-tests-1 - TemplateLoader.findTemplateSource("test-view/test-view.ftl"): Found
06 Nov 2023 16:31:46,221 TestNG-tests-1 - Loading template for "test-view/test-view.ftl"("en", UTF-8, parsed) from "jar:file:/C:/Users/kumar/.m2/repository/com/aventstack/extentreports/3.1.5/extentreports-3.1.5.jar!/com/aventstack/extentreports/view/html-report/test-view/test-view.ftl"
06 Nov 2023 16:31:46,247 TestNG-tests-1 - Couldn't find template in cache for "test-view/test-view-charts.ftl"("en", UTF-8, parsed); will try to load it.
06 Nov 2023 16:31:46,250 TestNG-tests-1 - TemplateLoader.findTemplateSource("test-view/test-view-charts_en.ftl"): Not found
06 Nov 2023 16:31:46,252 TestNG-tests-1 - TemplateLoader.findTemplateSource("test-view/test-view-charts.ftl"): Found
06 Nov 2023 16:31:46,252 TestNG-tests-1 - Loading template for "test-view/test-view-charts.ftl"("en", UTF-8, parsed) from "jar:file:/C:/Users/kumar/.m2/repository/com/aventstack/extentreports/3.1.5/extentreports-3.1.5.jar!/com/aventstack/extentreports/view/html-report/test-view/test-view-charts.ftl"
06 Nov 2023 16:31:46,292 TestNG-tests-1 - Couldn't find template in cache for "test-view/standard.ftl"("en", UTF-8, parsed); will try to load it.
06 Nov 2023 16:31:46,292 TestNG-tests-1 - TemplateLoader.findTemplateSource("test-view/standard_en.ftl"): Not found
06 Nov 2023 16:31:46,293 TestNG-tests-1 - TemplateLoader.findTemplateSource("test-view/standard.ftl"): Found
06 Nov 2023 16:31:46,293 TestNG-tests-1 - Loading template for "test-view/standard.ftl"("en", UTF-8, parsed) from "jar:file:/C:/Users/kumar/.m2/repository/com/aventstack/extentreports/3.1.5/extentreports-3.1.5.jar!/com/aventstack/extentreports/view/html-report/test-view/standard.ftl"
06 Nov 2023 16:31:46,345 TestNG-tests-1 - "test-view/standard.ftl"("en", UTF-8, parsed) cached copy not yet stale; using cached.
06 Nov 2023 16:31:46,347 TestNG-tests-1 - "test-view/standard.ftl"("en", UTF-8, parsed) cached copy not yet stale; using cached.
06 Nov 2023 16:31:46,351 TestNG-tests-1 - "test-view/standard.ftl"("en", UTF-8, parsed) cached copy not yet stale; using cached.
06 Nov 2023 16:31:46,358 TestNG-tests-1 - "test-view/standard.ftl"("en", UTF-8, parsed) cached copy not yet stale; using cached.
06 Nov 2023 16:31:46,359 TestNG-tests-1 - "test-view/standard.ftl"("en", UTF-8, parsed) cached copy not yet stale; using cached.
06 Nov 2023 16:31:46,362 TestNG-tests-1 - "test-view/standard.ftl"("en", UTF-8, parsed) cached copy not yet stale; using cached.
06 Nov 2023 16:31:46,364 TestNG-tests-1 - "test-view/standard.ftl"("en", UTF-8, parsed) cached copy not yet stale; using cached.
06 Nov 2023 16:31:46,366 TestNG-tests-1 - "test-view/standard.ftl"("en", UTF-8, parsed) cached copy not yet stale; using cached.
06 Nov 2023 16:31:46,367 TestNG-tests-1 - Couldn't find template in cache for "category-view/category-view.ftl"("en", UTF-8, parsed); will try to load it.
06 Nov 2023 16:31:46,368 TestNG-tests-1 - TemplateLoader.findTemplateSource("category-view/category-view_en.ftl"): Not found
06 Nov 2023 16:31:46,369 TestNG-tests-1 - TemplateLoader.findTemplateSource("category-view/category-view.ftl"): Found
06 Nov 2023 16:31:46,369 TestNG-tests-1 - Loading template for "category-view/category-view.ftl"("en", UTF-8, parsed) from "jar:file:/C:/Users/kumar/.m2/repository/com/aventstack/extentreports/3.1.5/extentreports-3.1.5.jar!/com/aventstack/extentreports/view/html-report/category-view/category-view.ftl"
06 Nov 2023 16:31:46,383 TestNG-tests-1 - Couldn't find template in cache for "author-view/author-view.ftl"("en", UTF-8, parsed); will try to load it.
06 Nov 2023 16:31:46,384 TestNG-tests-1 - TemplateLoader.findTemplateSource("author-view/author-view_en.ftl"): Not found
06 Nov 2023 16:31:46,385 TestNG-tests-1 - TemplateLoader.findTemplateSource("author-view/author-view.ftl"): Found
06 Nov 2023 16:31:46,385 TestNG-tests-1 - Loading template for "author-view/author-view.ftl"("en", UTF-8, parsed) from "jar:file:/C:/Users/kumar/.m2/repository/com/aventstack/extentreports/3.1.5/extentreports-3.1.5.jar!/com/aventstack/extentreports/view/html-report/author-view/author-view.ftl"
06 Nov 2023 16:31:46,393 TestNG-tests-1 - Couldn't find template in cache for "exception-view/exception-view.ftl"("en", UTF-8, parsed); will try to load it.
06 Nov 2023 16:31:46,394 TestNG-tests-1 - TemplateLoader.findTemplateSource("exception-view/exception-view_en.ftl"): Not found
06 Nov 2023 16:31:46,394 TestNG-tests-1 - TemplateLoader.findTemplateSource("exception-view/exception-view.ftl"): Found
06 Nov 2023 16:31:46,394 TestNG-tests-1 - Loading template for "exception-view/exception-view.ftl"("en", UTF-8, parsed) from "jar:file:/C:/Users/kumar/.m2/repository/com/aventstack/extentreports/3.1.5/extentreports-3.1.5.jar!/com/aventstack/extentreports/view/html-report/exception-view/exception-view.ftl"
06 Nov 2023 16:31:46,405 TestNG-tests-1 - Couldn't find template in cache for "dashboard-view/dashboard-view.ftl"("en", UTF-8, parsed); will try to load it.
06 Nov 2023 16:31:46,405 TestNG-tests-1 - TemplateLoader.findTemplateSource("dashboard-view/dashboard-view_en.ftl"): Not found
06 Nov 2023 16:31:46,406 TestNG-tests-1 - TemplateLoader.findTemplateSource("dashboard-view/dashboard-view.ftl"): Found
06 Nov 2023 16:31:46,406 TestNG-tests-1 - Loading template for "dashboard-view/dashboard-view.ftl"("en", UTF-8, parsed) from "jar:file:/C:/Users/kumar/.m2/repository/com/aventstack/extentreports/3.1.5/extentreports-3.1.5.jar!/com/aventstack/extentreports/view/html-report/dashboard-view/dashboard-view.ftl"
06 Nov 2023 16:31:46,416 TestNG-tests-1 - Couldn't find template in cache for "logs-view/testrunner-logs-view.ftl"("en", UTF-8, parsed); will try to load it.
06 Nov 2023 16:31:46,416 TestNG-tests-1 - TemplateLoader.findTemplateSource("logs-view/testrunner-logs-view_en.ftl"): Not found
06 Nov 2023 16:31:46,420 TestNG-tests-1 - TemplateLoader.findTemplateSource("logs-view/testrunner-logs-view.ftl"): Found
06 Nov 2023 16:31:46,420 TestNG-tests-1 - Loading template for "logs-view/testrunner-logs-view.ftl"("en", UTF-8, parsed) from "jar:file:/C:/Users/kumar/.m2/repository/com/aventstack/extentreports/3.1.5/extentreports-3.1.5.jar!/com/aventstack/extentreports/view/html-report/logs-view/testrunner-logs-view.ftl"
06 Nov 2023 16:32:06,598 TestNG-tests-2 - Couldn't find template in cache for "index.ftl"("en", UTF-8, parsed); will try to load it.
06 Nov 2023 16:32:06,599 TestNG-tests-2 - TemplateLoader.findTemplateSource("index_en.ftl"): Not found
06 Nov 2023 16:32:06,599 TestNG-tests-2 - TemplateLoader.findTemplateSource("index.ftl"): Found
06 Nov 2023 16:32:06,600 TestNG-tests-2 - Loading template for "index.ftl"("en", UTF-8, parsed) from "jar:file:/C:/Users/kumar/.m2/repository/com/aventstack/extentreports/3.1.5/extentreports-3.1.5.jar!/com/aventstack/extentreports/view/html-report/index.ftl"
06 Nov 2023 16:32:06,610 TestNG-tests-2 - Couldn't find template in cache for "head.ftl"("en", UTF-8, parsed); will try to load it.
06 Nov 2023 16:32:06,610 TestNG-tests-2 - TemplateLoader.findTemplateSource("head_en.ftl"): Not found
06 Nov 2023 16:32:06,611 TestNG-tests-2 - TemplateLoader.findTemplateSource("head.ftl"): Found
06 Nov 2023 16:32:06,611 TestNG-tests-2 - Loading template for "head.ftl"("en", UTF-8, parsed) from "jar:file:/C:/Users/kumar/.m2/repository/com/aventstack/extentreports/3.1.5/extentreports-3.1.5.jar!/com/aventstack/extentreports/view/html-report/head.ftl"
06 Nov 2023 16:32:06,615 TestNG-tests-2 - Couldn't find template in cache for "nav.ftl"("en", UTF-8, parsed); will try to load it.
06 Nov 2023 16:32:06,616 TestNG-tests-2 - TemplateLoader.findTemplateSource("nav_en.ftl"): Not found
06 Nov 2023 16:32:06,616 TestNG-tests-2 - TemplateLoader.findTemplateSource("nav.ftl"): Found
06 Nov 2023 16:32:06,616 TestNG-tests-2 - Loading template for "nav.ftl"("en", UTF-8, parsed) from "jar:file:/C:/Users/kumar/.m2/repository/com/aventstack/extentreports/3.1.5/extentreports-3.1.5.jar!/com/aventstack/extentreports/view/html-report/nav.ftl"
06 Nov 2023 16:32:06,620 TestNG-tests-2 - Couldn't find template in cache for "test-view/test-view.ftl"("en", UTF-8, parsed); will try to load it.
06 Nov 2023 16:32:06,620 TestNG-tests-2 - TemplateLoader.findTemplateSource("test-view/test-view_en.ftl"): Not found
06 Nov 2023 16:32:06,621 TestNG-tests-2 - TemplateLoader.findTemplateSource("test-view/test-view.ftl"): Found
06 Nov 2023 16:32:06,621 TestNG-tests-2 - Loading template for "test-view/test-view.ftl"("en", UTF-8, parsed) from "jar:file:/C:/Users/kumar/.m2/repository/com/aventstack/extentreports/3.1.5/extentreports-3.1.5.jar!/com/aventstack/extentreports/view/html-report/test-view/test-view.ftl"
06 Nov 2023 16:32:06,631 TestNG-tests-2 - Couldn't find template in cache for "test-view/test-view-charts.ftl"("en", UTF-8, parsed); will try to load it.
06 Nov 2023 16:32:06,631 TestNG-tests-2 - TemplateLoader.findTemplateSource("test-view/test-view-charts_en.ftl"): Not found
06 Nov 2023 16:32:06,631 TestNG-tests-2 - TemplateLoader.findTemplateSource("test-view/test-view-charts.ftl"): Found
06 Nov 2023 16:32:06,632 TestNG-tests-2 - Loading template for "test-view/test-view-charts.ftl"("en", UTF-8, parsed) from "jar:file:/C:/Users/kumar/.m2/repository/com/aventstack/extentreports/3.1.5/extentreports-3.1.5.jar!/com/aventstack/extentreports/view/html-report/test-view/test-view-charts.ftl"
06 Nov 2023 16:32:06,641 TestNG-tests-2 - Couldn't find template in cache for "test-view/standard.ftl"("en", UTF-8, parsed); will try to load it.
06 Nov 2023 16:32:06,642 TestNG-tests-2 - TemplateLoader.findTemplateSource("test-view/standard_en.ftl"): Not found
06 Nov 2023 16:32:06,642 TestNG-tests-2 - TemplateLoader.findTemplateSource("test-view/standard.ftl"): Found
06 Nov 2023 16:32:06,642 TestNG-tests-2 - Loading template for "test-view/standard.ftl"("en", UTF-8, parsed) from "jar:file:/C:/Users/kumar/.m2/repository/com/aventstack/extentreports/3.1.5/extentreports-3.1.5.jar!/com/aventstack/extentreports/view/html-report/test-view/standard.ftl"
06 Nov 2023 16:32:06,651 TestNG-tests-2 - "test-view/standard.ftl"("en", UTF-8, parsed) cached copy not yet stale; using cached.
06 Nov 2023 16:32:06,652 TestNG-tests-2 - "test-view/standard.ftl"("en", UTF-8, parsed) cached copy not yet stale; using cached.
06 Nov 2023 16:32:06,654 TestNG-tests-2 - "test-view/standard.ftl"("en", UTF-8, parsed) cached copy not yet stale; using cached.
06 Nov 2023 16:32:06,655 TestNG-tests-2 - "test-view/standard.ftl"("en", UTF-8, parsed) cached copy not yet stale; using cached.
06 Nov 2023 16:32:06,656 TestNG-tests-2 - "test-view/standard.ftl"("en", UTF-8, parsed) cached copy not yet stale; using cached.
06 Nov 2023 16:32:06,657 TestNG-tests-2 - "test-view/standard.ftl"("en", UTF-8, parsed) cached copy not yet stale; using cached.
06 Nov 2023 16:32:06,658 TestNG-tests-2 - "test-view/standard.ftl"("en", UTF-8, parsed) cached copy not yet stale; using cached.
06 Nov 2023 16:32:06,659 TestNG-tests-2 - "test-view/standard.ftl"("en", UTF-8, parsed) cached copy not yet stale; using cached.
06 Nov 2023 16:32:06,661 TestNG-tests-2 - "test-view/standard.ftl"("en", UTF-8, parsed) cached copy not yet stale; using cached.
06 Nov 2023 16:32:06,662 TestNG-tests-2 - "test-view/standard.ftl"("en", UTF-8, parsed) cached copy not yet stale; using cached.
06 Nov 2023 16:32:06,663 TestNG-tests-2 - "test-view/standard.ftl"("en", UTF-8, parsed) cached copy not yet stale; using cached.
06 Nov 2023 16:32:06,664 TestNG-tests-2 - "test-view/standard.ftl"("en", UTF-8, parsed) cached copy not yet stale; using cached.
06 Nov 2023 16:32:06,666 TestNG-tests-2 - "test-view/standard.ftl"("en", UTF-8, parsed) cached copy not yet stale; using cached.
06 Nov 2023 16:32:06,667 TestNG-tests-2 - "test-view/standard.ftl"("en", UTF-8, parsed) cached copy not yet stale; using cached.
06 Nov 2023 16:32:06,668 TestNG-tests-2 - "test-view/standard.ftl"("en", UTF-8, parsed) cached copy not yet stale; using cached.
06 Nov 2023 16:32:06,669 TestNG-tests-2 - "test-view/standard.ftl"("en", UTF-8, parsed) cached copy not yet stale; using cached.
06 Nov 2023 16:32:06,670 TestNG-tests-2 - "test-view/standard.ftl"("en", UTF-8, parsed) cached copy not yet stale; using cached.
06 Nov 2023 16:32:06,671 TestNG-tests-2 - Couldn't find template in cache for "category-view/category-view.ftl"("en", UTF-8, parsed); will try to load it.
06 Nov 2023 16:32:06,672 TestNG-tests-2 - TemplateLoader.findTemplateSource("category-view/category-view_en.ftl"): Not found
06 Nov 2023 16:32:06,672 TestNG-tests-2 - TemplateLoader.findTemplateSource("category-view/category-view.ftl"): Found
06 Nov 2023 16:32:06,672 TestNG-tests-2 - Loading template for "category-view/category-view.ftl"("en", UTF-8, parsed) from "jar:file:/C:/Users/kumar/.m2/repository/com/aventstack/extentreports/3.1.5/extentreports-3.1.5.jar!/com/aventstack/extentreports/view/html-report/category-view/category-view.ftl"
06 Nov 2023 16:32:06,682 TestNG-tests-2 - Couldn't find template in cache for "author-view/author-view.ftl"("en", UTF-8, parsed); will try to load it.
06 Nov 2023 16:32:06,683 TestNG-tests-2 - TemplateLoader.findTemplateSource("author-view/author-view_en.ftl"): Not found
06 Nov 2023 16:32:06,683 TestNG-tests-2 - TemplateLoader.findTemplateSource("author-view/author-view.ftl"): Found
06 Nov 2023 16:32:06,683 TestNG-tests-2 - Loading template for "author-view/author-view.ftl"("en", UTF-8, parsed) from "jar:file:/C:/Users/kumar/.m2/repository/com/aventstack/extentreports/3.1.5/extentreports-3.1.5.jar!/com/aventstack/extentreports/view/html-report/author-view/author-view.ftl"
06 Nov 2023 16:32:06,688 TestNG-tests-2 - Couldn't find template in cache for "exception-view/exception-view.ftl"("en", UTF-8, parsed); will try to load it.
06 Nov 2023 16:32:06,689 TestNG-tests-2 - TemplateLoader.findTemplateSource("exception-view/exception-view_en.ftl"): Not found
06 Nov 2023 16:32:06,689 TestNG-tests-2 - TemplateLoader.findTemplateSource("exception-view/exception-view.ftl"): Found
06 Nov 2023 16:32:06,689 TestNG-tests-2 - Loading template for "exception-view/exception-view.ftl"("en", UTF-8, parsed) from "jar:file:/C:/Users/kumar/.m2/repository/com/aventstack/extentreports/3.1.5/extentreports-3.1.5.jar!/com/aventstack/extentreports/view/html-report/exception-view/exception-view.ftl"
06 Nov 2023 16:32:06,694 TestNG-tests-2 - Couldn't find template in cache for "dashboard-view/dashboard-view.ftl"("en", UTF-8, parsed); will try to load it.
06 Nov 2023 16:32:06,695 TestNG-tests-2 - TemplateLoader.findTemplateSource("dashboard-view/dashboard-view_en.ftl"): Not found
06 Nov 2023 16:32:06,695 TestNG-tests-2 - TemplateLoader.findTemplateSource("dashboard-view/dashboard-view.ftl"): Found
06 Nov 2023 16:32:06,696 TestNG-tests-2 - Loading template for "dashboard-view/dashboard-view.ftl"("en", UTF-8, parsed) from "jar:file:/C:/Users/kumar/.m2/repository/com/aventstack/extentreports/3.1.5/extentreports-3.1.5.jar!/com/aventstack/extentreports/view/html-report/dashboard-view/dashboard-view.ftl"
06 Nov 2023 16:32:06,703 TestNG-tests-2 - Couldn't find template in cache for "logs-view/testrunner-logs-view.ftl"("en", UTF-8, parsed); will try to load it.
06 Nov 2023 16:32:06,703 TestNG-tests-2 - TemplateLoader.findTemplateSource("logs-view/testrunner-logs-view_en.ftl"): Not found
06 Nov 2023 16:32:06,703 TestNG-tests-2 - TemplateLoader.findTemplateSource("logs-view/testrunner-logs-view.ftl"): Found
06 Nov 2023 16:32:06,704 TestNG-tests-2 - Loading template for "logs-view/testrunner-logs-view.ftl"("en", UTF-8, parsed) from "jar:file:/C:/Users/kumar/.m2/repository/com/aventstack/extentreports/3.1.5/extentreports-3.1.5.jar!/com/aventstack/extentreports/view/html-report/logs-view/testrunner-logs-view.ftl"
06 Nov 2023 16:32:08,326 TestNG-tests-3 - some exception is coming while creating the screenshot
06 Nov 2023 16:32:08,618 TestNG-tests-3 - Couldn't find template in cache for "index.ftl"("en", UTF-8, parsed); will try to load it.
06 Nov 2023 16:32:08,619 TestNG-tests-3 - TemplateLoader.findTemplateSource("index_en.ftl"): Not found
06 Nov 2023 16:32:08,619 TestNG-tests-3 - TemplateLoader.findTemplateSource("index.ftl"): Found
06 Nov 2023 16:32:08,619 TestNG-tests-3 - Loading template for "index.ftl"("en", UTF-8, parsed) from "jar:file:/C:/Users/kumar/.m2/repository/com/aventstack/extentreports/3.1.5/extentreports-3.1.5.jar!/com/aventstack/extentreports/view/html-report/index.ftl"
06 Nov 2023 16:32:08,627 TestNG-tests-3 - Couldn't find template in cache for "head.ftl"("en", UTF-8, parsed); will try to load it.
06 Nov 2023 16:32:08,628 TestNG-tests-3 - TemplateLoader.findTemplateSource("head_en.ftl"): Not found
06 Nov 2023 16:32:08,628 TestNG-tests-3 - TemplateLoader.findTemplateSource("head.ftl"): Found
06 Nov 2023 16:32:08,628 TestNG-tests-3 - Loading template for "head.ftl"("en", UTF-8, parsed) from "jar:file:/C:/Users/kumar/.m2/repository/com/aventstack/extentreports/3.1.5/extentreports-3.1.5.jar!/com/aventstack/extentreports/view/html-report/head.ftl"
06 Nov 2023 16:32:08,631 TestNG-tests-3 - Couldn't find template in cache for "nav.ftl"("en", UTF-8, parsed); will try to load it.
06 Nov 2023 16:32:08,631 TestNG-tests-3 - TemplateLoader.findTemplateSource("nav_en.ftl"): Not found
06 Nov 2023 16:32:08,632 TestNG-tests-3 - TemplateLoader.findTemplateSource("nav.ftl"): Found
06 Nov 2023 16:32:08,632 TestNG-tests-3 - Loading template for "nav.ftl"("en", UTF-8, parsed) from "jar:file:/C:/Users/kumar/.m2/repository/com/aventstack/extentreports/3.1.5/extentreports-3.1.5.jar!/com/aventstack/extentreports/view/html-report/nav.ftl"
06 Nov 2023 16:32:08,635 TestNG-tests-3 - Couldn't find template in cache for "test-view/test-view.ftl"("en", UTF-8, parsed); will try to load it.
06 Nov 2023 16:32:08,636 TestNG-tests-3 - TemplateLoader.findTemplateSource("test-view/test-view_en.ftl"): Not found
06 Nov 2023 16:32:08,636 TestNG-tests-3 - TemplateLoader.findTemplateSource("test-view/test-view.ftl"): Found
06 Nov 2023 16:32:08,636 TestNG-tests-3 - Loading template for "test-view/test-view.ftl"("en", UTF-8, parsed) from "jar:file:/C:/Users/kumar/.m2/repository/com/aventstack/extentreports/3.1.5/extentreports-3.1.5.jar!/com/aventstack/extentreports/view/html-report/test-view/test-view.ftl"
06 Nov 2023 16:32:08,645 TestNG-tests-3 - Couldn't find template in cache for "test-view/test-view-charts.ftl"("en", UTF-8, parsed); will try to load it.
06 Nov 2023 16:32:08,645 TestNG-tests-3 - TemplateLoader.findTemplateSource("test-view/test-view-charts_en.ftl"): Not found
06 Nov 2023 16:32:08,646 TestNG-tests-3 - TemplateLoader.findTemplateSource("test-view/test-view-charts.ftl"): Found
06 Nov 2023 16:32:08,646 TestNG-tests-3 - Loading template for "test-view/test-view-charts.ftl"("en", UTF-8, parsed) from "jar:file:/C:/Users/kumar/.m2/repository/com/aventstack/extentreports/3.1.5/extentreports-3.1.5.jar!/com/aventstack/extentreports/view/html-report/test-view/test-view-charts.ftl"
06 Nov 2023 16:32:08,652 TestNG-tests-3 - Couldn't find template in cache for "test-view/standard.ftl"("en", UTF-8, parsed); will try to load it.
06 Nov 2023 16:32:08,653 TestNG-tests-3 - TemplateLoader.findTemplateSource("test-view/standard_en.ftl"): Not found
06 Nov 2023 16:32:08,653 TestNG-tests-3 - TemplateLoader.findTemplateSource("test-view/standard.ftl"): Found
06 Nov 2023 16:32:08,653 TestNG-tests-3 - Loading template for "test-view/standard.ftl"("en", UTF-8, parsed) from "jar:file:/C:/Users/kumar/.m2/repository/com/aventstack/extentreports/3.1.5/extentreports-3.1.5.jar!/com/aventstack/extentreports/view/html-report/test-view/standard.ftl"
06 Nov 2023 16:32:08,665 TestNG-tests-3 - "test-view/standard.ftl"("en", UTF-8, parsed) cached copy not yet stale; using cached.
06 Nov 2023 16:32:08,665 TestNG-tests-3 - "test-view/standard.ftl"("en", UTF-8, parsed) cached copy not yet stale; using cached.
06 Nov 2023 16:32:08,666 TestNG-tests-3 - "test-view/standard.ftl"("en", UTF-8, parsed) cached copy not yet stale; using cached.
06 Nov 2023 16:32:08,667 TestNG-tests-3 - "test-view/standard.ftl"("en", UTF-8, parsed) cached copy not yet stale; using cached.
06 Nov 2023 16:32:08,668 TestNG-tests-3 - "test-view/standard.ftl"("en", UTF-8, parsed) cached copy not yet stale; using cached.
06 Nov 2023 16:32:08,669 TestNG-tests-3 - "test-view/standard.ftl"("en", UTF-8, parsed) cached copy not yet stale; using cached.
06 Nov 2023 16:32:08,670 TestNG-tests-3 - "test-view/standard.ftl"("en", UTF-8, parsed) cached copy not yet stale; using cached.
06 Nov 2023 16:32:08,671 TestNG-tests-3 - "test-view/standard.ftl"("en", UTF-8, parsed) cached copy not yet stale; using cached.
06 Nov 2023 16:32:08,672 TestNG-tests-3 - "test-view/standard.ftl"("en", UTF-8, parsed) cached copy not yet stale; using cached.
06 Nov 2023 16:32:08,674 TestNG-tests-3 - "test-view/standard.ftl"("en", UTF-8, parsed) cached copy not yet stale; using cached.
06 Nov 2023 16:32:08,676 TestNG-tests-3 - "test-view/standard.ftl"("en", UTF-8, parsed) cached copy not yet stale; using cached.
06 Nov 2023 16:32:08,677 TestNG-tests-3 - "test-view/standard.ftl"("en", UTF-8, parsed) cached copy not yet stale; using cached.
06 Nov 2023 16:32:08,678 TestNG-tests-3 - "test-view/standard.ftl"("en", UTF-8, parsed) cached copy not yet stale; using cached.
06 Nov 2023 16:32:08,679 TestNG-tests-3 - "test-view/standard.ftl"("en", UTF-8, parsed) cached copy not yet stale; using cached.
06 Nov 2023 16:32:08,680 TestNG-tests-3 - "test-view/standard.ftl"("en", UTF-8, parsed) cached copy not yet stale; using cached.
06 Nov 2023 16:32:08,681 TestNG-tests-3 - "test-view/standard.ftl"("en", UTF-8, parsed) cached copy not yet stale; using cached.
06 Nov 2023 16:32:08,682 TestNG-tests-3 - "test-view/standard.ftl"("en", UTF-8, parsed) cached copy not yet stale; using cached.
06 Nov 2023 16:32:08,682 TestNG-tests-3 - Couldn't find template in cache for "category-view/category-view.ftl"("en", UTF-8, parsed); will try to load it.
06 Nov 2023 16:32:08,683 TestNG-tests-3 - TemplateLoader.findTemplateSource("category-view/category-view_en.ftl"): Not found
06 Nov 2023 16:32:08,683 TestNG-tests-3 - TemplateLoader.findTemplateSource("category-view/category-view.ftl"): Found
06 Nov 2023 16:32:08,683 TestNG-tests-3 - Loading template for "category-view/category-view.ftl"("en", UTF-8, parsed) from "jar:file:/C:/Users/kumar/.m2/repository/com/aventstack/extentreports/3.1.5/extentreports-3.1.5.jar!/com/aventstack/extentreports/view/html-report/category-view/category-view.ftl"
06 Nov 2023 16:32:08,696 TestNG-tests-3 - Couldn't find template in cache for "author-view/author-view.ftl"("en", UTF-8, parsed); will try to load it.
06 Nov 2023 16:32:08,696 TestNG-tests-3 - TemplateLoader.findTemplateSource("author-view/author-view_en.ftl"): Not found
06 Nov 2023 16:32:08,696 TestNG-tests-3 - TemplateLoader.findTemplateSource("author-view/author-view.ftl"): Found
06 Nov 2023 16:32:08,696 TestNG-tests-3 - Loading template for "author-view/author-view.ftl"("en", UTF-8, parsed) from "jar:file:/C:/Users/kumar/.m2/repository/com/aventstack/extentreports/3.1.5/extentreports-3.1.5.jar!/com/aventstack/extentreports/view/html-report/author-view/author-view.ftl"
06 Nov 2023 16:32:08,701 TestNG-tests-3 - Couldn't find template in cache for "exception-view/exception-view.ftl"("en", UTF-8, parsed); will try to load it.
06 Nov 2023 16:32:08,702 TestNG-tests-3 - TemplateLoader.findTemplateSource("exception-view/exception-view_en.ftl"): Not found
06 Nov 2023 16:32:08,702 TestNG-tests-3 - TemplateLoader.findTemplateSource("exception-view/exception-view.ftl"): Found
06 Nov 2023 16:32:08,702 TestNG-tests-3 - Loading template for "exception-view/exception-view.ftl"("en", UTF-8, parsed) from "jar:file:/C:/Users/kumar/.m2/repository/com/aventstack/extentreports/3.1.5/extentreports-3.1.5.jar!/com/aventstack/extentreports/view/html-report/exception-view/exception-view.ftl"
06 Nov 2023 16:32:08,713 TestNG-tests-3 - Couldn't find template in cache for "dashboard-view/dashboard-view.ftl"("en", UTF-8, parsed); will try to load it.
06 Nov 2023 16:32:08,713 TestNG-tests-3 - TemplateLoader.findTemplateSource("dashboard-view/dashboard-view_en.ftl"): Not found
06 Nov 2023 16:32:08,714 TestNG-tests-3 - TemplateLoader.findTemplateSource("dashboard-view/dashboard-view.ftl"): Found
06 Nov 2023 16:32:08,714 TestNG-tests-3 - Loading template for "dashboard-view/dashboard-view.ftl"("en", UTF-8, parsed) from "jar:file:/C:/Users/kumar/.m2/repository/com/aventstack/extentreports/3.1.5/extentreports-3.1.5.jar!/com/aventstack/extentreports/view/html-report/dashboard-view/dashboard-view.ftl"
06 Nov 2023 16:32:08,719 TestNG-tests-3 - Couldn't find template in cache for "logs-view/testrunner-logs-view.ftl"("en", UTF-8, parsed); will try to load it.
06 Nov 2023 16:32:08,719 TestNG-tests-3 - TemplateLoader.findTemplateSource("logs-view/testrunner-logs-view_en.ftl"): Not found
06 Nov 2023 16:32:08,720 TestNG-tests-3 - TemplateLoader.findTemplateSource("logs-view/testrunner-logs-view.ftl"): Found
06 Nov 2023 16:32:08,720 TestNG-tests-3 - Loading template for "logs-view/testrunner-logs-view.ftl"("en", UTF-8, parsed) from "jar:file:/C:/Users/kumar/.m2/repository/com/aventstack/extentreports/3.1.5/extentreports-3.1.5.jar!/com/aventstack/extentreports/view/html-report/logs-view/testrunner-logs-view.ftl"
06 Nov 2023 16:32:52,809 TestNG-tests-3 - Running On Environment...>null
06 Nov 2023 16:32:52,809 TestNG-tests-1 - Running On Environment...>null
06 Nov 2023 16:32:52,809 TestNG-tests-2 - Running On Environment...>null
06 Nov 2023 16:41:55,224 TestNG-tests-2 - Running On Environment...>null
06 Nov 2023 16:41:55,224 TestNG-tests-1 - Running On Environment...>null
06 Nov 2023 16:41:55,224 TestNG-tests-3 - Running On Environment...>null
06 Nov 2023 16:43:51,869 TestNG-tests-2 - Running On Environment...>null
06 Nov 2023 16:43:51,869 TestNG-tests-1 - Running On Environment...>null
06 Nov 2023 16:43:51,871 TestNG-tests-3 - Running On Environment...>null
